<?xml version="1.0" encoding="UTF-8"?>
<!-- Generated by org.testng.reporters.JUnitReportReporter -->
<testsuite hostname="DESKTOP-032BQ8K" failures="0" tests="2" name="tests.LoginTest" time="18.933" errors="0" timestamp="2022-09-15T23:23:25 IST" skipped="0">
  <testcase classname="tests.LoginTest" name="LoginTest" time="10.587"/>
  <system-out/>
  <testcase classname="tests.LoginTest" name="LoginTest" time="8.346"/>
  <system-out/>
</testsuite> <!-- tests.LoginTest -->
